{"total": {"lines":{"total":1114,"covered":1046,"skipped":0,"pct":93.89},"statements":{"total":1114,"covered":1046,"skipped":0,"pct":93.89},"functions":{"total":26,"covered":25,"skipped":0,"pct":96.15},"branches":{"total":206,"covered":173,"skipped":0,"pct":83.98},"branchesTrue":{"total":0,"covered":0,"skipped":0,"pct":100}}
,"/Users/connor/Dev/tanstackFairLend/fairlendapp/convex/engine/auditJournal.ts": {"lines":{"total":9,"covered":9,"skipped":0,"pct":100},"functions":{"total":1,"covered":1,"skipped":0,"pct":100},"statements":{"total":9,"covered":9,"skipped":0,"pct":100},"branches":{"total":1,"covered":1,"skipped":0,"pct":100}}
,"/Users/connor/Dev/tanstackFairLend/fairlendapp/convex/engine/hashChain.ts": {"lines":{"total":78,"covered":63,"skipped":0,"pct":80.76},"functions":{"total":4,"covered":3,"skipped":0,"pct":75},"statements":{"total":78,"covered":63,"skipped":0,"pct":80.76},"branches":{"total":8,"covered":7,"skipped":0,"pct":87.5}}
,"/Users/connor/Dev/tanstackFairLend/fairlendapp/convex/engine/reconciliation.ts": {"lines":{"total":168,"covered":161,"skipped":0,"pct":95.83},"functions":{"total":5,"covered":5,"skipped":0,"pct":100},"statements":{"total":168,"covered":161,"skipped":0,"pct":95.83},"branches":{"total":42,"covered":38,"skipped":0,"pct":90.47}}
,"/Users/connor/Dev/tanstackFairLend/fairlendapp/convex/engine/transition.ts": {"lines":{"total":259,"covered":254,"skipped":0,"pct":98.06},"functions":{"total":5,"covered":5,"skipped":0,"pct":100},"statements":{"total":259,"covered":254,"skipped":0,"pct":98.06},"branches":{"total":49,"covered":41,"skipped":0,"pct":83.67}}
,"/Users/connor/Dev/tanstackFairLend/fairlendapp/convex/engine/transitionMutation.ts": {"lines":{"total":16,"covered":16,"skipped":0,"pct":100},"functions":{"total":1,"covered":1,"skipped":0,"pct":100},"statements":{"total":16,"covered":16,"skipped":0,"pct":100},"branches":{"total":2,"covered":2,"skipped":0,"pct":100}}
,"/Users/connor/Dev/tanstackFairLend/fairlendapp/convex/engine/effects/onboarding.ts": {"lines":{"total":209,"covered":189,"skipped":0,"pct":90.43},"functions":{"total":4,"covered":4,"skipped":0,"pct":100},"statements":{"total":209,"covered":189,"skipped":0,"pct":90.43},"branches":{"total":34,"covered":25,"skipped":0,"pct":73.52}}
,"/Users/connor/Dev/tanstackFairLend/fairlendapp/convex/onboarding/internal.ts": {"lines":{"total":101,"covered":89,"skipped":0,"pct":88.11},"functions":{"total":5,"covered":5,"skipped":0,"pct":100},"statements":{"total":101,"covered":89,"skipped":0,"pct":88.11},"branches":{"total":20,"covered":14,"skipped":0,"pct":70}}
,"/Users/connor/Dev/tanstackFairLend/fairlendapp/convex/onboarding/mutations.ts": {"lines":{"total":226,"covered":217,"skipped":0,"pct":96.01},"functions":{"total":1,"covered":1,"skipped":0,"pct":100},"statements":{"total":226,"covered":217,"skipped":0,"pct":96.01},"branches":{"total":41,"covered":36,"skipped":0,"pct":87.8}}
,"/Users/connor/Dev/tanstackFairLend/fairlendapp/convex/onboarding/queries.ts": {"lines":{"total":48,"covered":48,"skipped":0,"pct":100},"functions":{"total":0,"covered":0,"skipped":0,"pct":100},"statements":{"total":48,"covered":48,"skipped":0,"pct":100},"branches":{"total":9,"covered":9,"skipped":0,"pct":100}}
}
